<?xml version="1.0" encoding="UTF-8"?>
<testsuite xmlns:xsi="http://www.w3.org/2001/XMLSchema-instance" xsi:noNamespaceSchemaLocation="https://maven.apache.org/surefire/maven-surefire-plugin/xsd/surefire-test-report-3.0.xsd" version="3.0" name="runners.TestRunner" time="12.004" tests="6" errors="0" skipped="0" failures="0">
  <properties>
[...]
</properties>
  <testcase name="Obtain access token using client credentials" classname="Create new incident" time="5.279">
    <system-out><![CDATA[
Scenario: Obtain access token using client credentials                                                                      &amp#27;[90m# src/test/resources/features/Incident.feature:3&amp#27;[0m
  &amp#27;[32mGiven &amp#27;[0m&amp#27;[32mthe OAuth2 token endpoint is available&amp#27;[0m                                                                              &amp#27;[90m# stepdefinitions.OAuth2Steps.the_token_endpoint_is_available()&amp#27;[0m
  &amp#27;[32mWhen &amp#27;[0m&amp#27;[32mI request an access token with client_id &amp#27;[0m&amp#27;[32m&amp#27;[1m"57151108413866056153"&amp#27;[0m&amp#27;[32m and client_secret &amp#27;[0m&amp#27;[32m&amp#27;[1m"46B84DB48191256AC3A73C710D1872B3"&amp#27;[0m &amp#27;[90m# stepdefinitions.OAuth2Steps.i_request_access_token(java.lang.String,java.lang.String)&amp#27;[0m
  &amp#27;[32mThen &amp#27;[0m&amp#27;[32mI should receive an access token in the response&amp#27;[0m                                                                     &amp#27;[90m# stepdefinitions.OAuth2Steps.i_should_receive_access_token()&amp#27;[0m
]]></system-out>
  </testcase>
  <testcase name="Create a new incident case" classname="Create new incident" time="1.114">
    <system-out><![CDATA[
Scenario: Create a new incident case                                      &amp#27;[90m# src/test/resources/features/Incident.feature:8&amp#27;[0m
  &amp#27;[32mGiven &amp#27;[0m&amp#27;[32mthe Create Case API endpoint is available&amp#27;[0m                         &amp#27;[90m# stepdefinitions.Incident.the_Create_Case_API_endpoint_is_available()&amp#27;[0m
  &amp#27;[32mWhen &amp#27;[0m&amp#27;[32mI create a new incident case&amp#27;[0m                                       &amp#27;[90m# stepdefinitions.Incident.i_create_a_new_incident_case()&amp#27;[0m
  &amp#27;[32mThen &amp#27;[0m&amp#27;[32mthe response status code should be &amp#27;[0m&amp#27;[32m&amp#27;[1m201&amp#27;[0m                             &amp#27;[90m# stepdefinitions.Incident.the_response_status_code_should_be(java.lang.Integer)&amp#27;[0m
  &amp#27;[32mAnd &amp#27;[0m&amp#27;[32mthe response should include case ID&amp#27;[0m                                 &amp#27;[90m# stepdefinitions.Incident.the_response_should_include_case_id()&amp#27;[0m
  &amp#27;[32mAnd &amp#27;[0m&amp#27;[32mthe response should include next assignment ID &amp#27;[0m&amp#27;[32m&amp#27;[1m"CREATEFORM_DEFAULT"&amp#27;[0m &amp#27;[90m# stepdefinitions.Incident.the_response_should_include_next_assignment_id(java.lang.String)&amp#27;[0m
  &amp#27;[32mAnd &amp#27;[0m&amp#27;[32mthe open link href should be &amp#27;[0m&amp#27;[32m&amp#27;[1m"CREATEFORM_DEFAULT"&amp#27;[0m                   &amp#27;[90m# stepdefinitions.Incident.the_open_link_href_should_be(java.lang.String)&amp#27;[0m
]]></system-out>
  </testcase>
  <testcase name="User determines incident category for assignment" classname="Create new incident" time="0.883">
    <system-out><![CDATA[
Scenario: User determines incident category for assignment           &amp#27;[90m# src/test/resources/features/Incident.feature:16&amp#27;[0m
  &amp#27;[32mGiven &amp#27;[0m&amp#27;[32mthe DetermineCategory API endpoint is available&amp#27;[0m              &amp#27;[90m# stepdefinitions.Incident.the_DetermineCategory_API_endpoint_is_available()&amp#27;[0m
  &amp#27;[32mWhen &amp#27;[0m&amp#27;[32mI submit the following incident details:&amp#27;[0m                      &amp#27;[90m# stepdefinitions.Incident.i_submit_the_following_incident_details(io.cucumber.datatable.DataTable)&amp#27;[0m
    | IncidentType           | IncidentSubType                         |
    | Customer service issue | Delays or no response to communications |
  &amp#27;[32mThen &amp#27;[0m&amp#27;[32mthe response status code should be &amp#27;[0m&amp#27;[32m&amp#27;[1m200&amp#27;[0m                        &amp#27;[90m# stepdefinitions.Incident.the_response_status_code_should_be(java.lang.Integer)&amp#27;[0m
  &amp#27;[32mAnd &amp#27;[0m&amp#27;[32mthe response should include assignment ID &amp#27;[0m&amp#27;[32m&amp#27;[1m"CREATEFORM_DEFAULT"&amp#27;[0m &amp#27;[90m# stepdefinitions.Incident.the_response_should_include_assignment_id(java.lang.String)&amp#27;[0m
  &amp#27;[32mAnd &amp#27;[0m&amp#27;[32mthe open link href should be &amp#27;[0m&amp#27;[32m&amp#27;[1m"CREATEFORM_DEFAULT"&amp#27;[0m              &amp#27;[90m# stepdefinitions.Incident.the_open_link_href_should_be(java.lang.String)&amp#27;[0m
]]></system-out>
  </testcase>
  <testcase name="Submit service details for assignment" classname="Create new incident" time="1.234">
    <system-out><![CDATA[
Scenario: Submit service details for assignment                      &amp#27;[90m# src/test/resources/features/Incident.feature:25&amp#27;[0m
  &amp#27;[32mGiven &amp#27;[0m&amp#27;[32mthe ServiceDetails API endpoint is available&amp#27;[0m                 &amp#27;[90m# stepdefinitions.Incident.the_ServiceDetails_API_endpoint_is_available()&amp#27;[0m
  &amp#27;[32mWhen &amp#27;[0m&amp#27;[32mI submit the following service details:&amp#27;[0m                       &amp#27;[90m# stepdefinitions.Incident.i_submit_the_following_service_details(io.cucumber.datatable.DataTable)&amp#27;[0m
    | CommunicationChannel | What                     | When       | Where             | WhereThereAnyOtherPeopleAffected |
    | E-mail               | https://portal.pega.com/ | 2025-05-06 | My Worklist link. | false                            |
  &amp#27;[32mThen &amp#27;[0m&amp#27;[32mthe response status code should be &amp#27;[0m&amp#27;[32m&amp#27;[1m200&amp#27;[0m                        &amp#27;[90m# stepdefinitions.Incident.the_response_status_code_should_be(java.lang.Integer)&amp#27;[0m
  &amp#27;[32mAnd &amp#27;[0m&amp#27;[32mthe response should include assignment ID &amp#27;[0m&amp#27;[32m&amp#27;[1m"CREATEFORM_DEFAULT"&amp#27;[0m &amp#27;[90m# stepdefinitions.Incident.the_response_should_include_assignment_id(java.lang.String)&amp#27;[0m
  &amp#27;[32mAnd &amp#27;[0m&amp#27;[32mthe open link href should be &amp#27;[0m&amp#27;[32m&amp#27;[1m"CREATEFORM_DEFAULT"&amp#27;[0m              &amp#27;[90m# stepdefinitions.Incident.the_open_link_href_should_be(java.lang.String)&amp#27;[0m
]]></system-out>
  </testcase>
  <testcase name="Submit contact info for assignment" classname="Create new incident" time="1.239">
    <system-out><![CDATA[
Scenario: Submit contact info for assignment                         &amp#27;[90m# src/test/resources/features/Incident.feature:34&amp#27;[0m
  &amp#27;[32mGiven &amp#27;[0m&amp#27;[32mthe ContactInfo API endpoint is available&amp#27;[0m                    &amp#27;[90m# stepdefinitions.Incident.the_ContactInfo_API_endpoint_is_available()&amp#27;[0m
  &amp#27;[32mWhen &amp#27;[0m&amp#27;[32mI submit the following contact details:&amp#27;[0m                       &amp#27;[90m# stepdefinitions.Incident.i_submit_the_following_contact_details(io.cucumber.datatable.DataTable)&amp#27;[0m
    | FName | LName       | EMail         | PhoneNumber  | AddressMode | pyCountry | pyCity | pyStreet                  | pyPostalCode | pyState |
    | Demo  | API-testing | test@test.com | +44666666666 | Manually    | Spain     | Madrid | Calle de José Abascal, 41 | 28003        | [empty] |
  &amp#27;[32mThen &amp#27;[0m&amp#27;[32mthe response status code should be &amp#27;[0m&amp#27;[32m&amp#27;[1m200&amp#27;[0m                        &amp#27;[90m# stepdefinitions.Incident.the_response_status_code_should_be(java.lang.Integer)&amp#27;[0m
  &amp#27;[32mAnd &amp#27;[0m&amp#27;[32mthe response should include assignment ID &amp#27;[0m&amp#27;[32m&amp#27;[1m"CREATEFORM_DEFAULT"&amp#27;[0m &amp#27;[90m# stepdefinitions.Incident.the_response_should_include_assignment_id(java.lang.String)&amp#27;[0m
  &amp#27;[32mAnd &amp#27;[0m&amp#27;[32mthe open link href should be &amp#27;[0m&amp#27;[32m&amp#27;[1m"CREATEFORM_DEFAULT"&amp#27;[0m              &amp#27;[90m# stepdefinitions.Incident.the_open_link_href_should_be(java.lang.String)&amp#27;[0m
]]></system-out>
  </testcase>
  <testcase name="Submit review with user consent and privacy policy agreement" classname="Create new incident" time="0.862">
    <system-out><![CDATA[
Scenario: Submit review with user consent and privacy policy agreement                                                     &amp#27;[90m# src/test/resources/features/Incident.feature:43&amp#27;[0m
  &amp#27;[32mGiven &amp#27;[0m&amp#27;[32mthe Review API endpoint is available&amp#27;[0m                                                                               &amp#27;[90m# stepdefinitions.Incident.the_Review_API_endpoint_is_available()&amp#27;[0m
  &amp#27;[32mWhen &amp#27;[0m&amp#27;[32mI submit review consent as follows:&amp#27;[0m                                                                                 &amp#27;[90m# stepdefinitions.Incident.i_submit_review_consent_as_follows(io.cucumber.datatable.DataTable)&amp#27;[0m
    | UserConsent | PrivacyPolicy |
    | true        | true          |
  &amp#27;[32mThen &amp#27;[0m&amp#27;[32mthe response status code should be &amp#27;[0m&amp#27;[32m&amp#27;[1m200&amp#27;[0m                                                                              &amp#27;[90m# stepdefinitions.Incident.the_response_status_code_should_be(java.lang.Integer)&amp#27;[0m
  &amp#27;[32mAnd &amp#27;[0m&amp#27;[32mthe case status is &amp#27;[0m&amp#27;[32m&amp#27;[1m"Pending-Dispatch"&amp#27;[0m                                                                                &amp#27;[90m# stepdefinitions.Incident.the_case_status_is(java.lang.String)&amp#27;[0m
  &amp#27;[32mAnd &amp#27;[0m&amp#27;[32mthe case urgency is &amp#27;[0m&amp#27;[32m&amp#27;[1m"10"&amp#27;[0m                                                                                             &amp#27;[90m# stepdefinitions.Incident.the_case_urgency_is(java.lang.String)&amp#27;[0m
  &amp#27;[32mAnd &amp#27;[0m&amp#27;[32mthe response should contain confirmation note &amp#27;[0m&amp#27;[32m&amp#27;[1m"Thank you! The next step in this case has been routed appropriately."&amp#27;[0m &amp#27;[90m# stepdefinitions.Incident.the_response_should_contain_confirmation_note(java.lang.String)&amp#27;[0m
  &amp#27;[32mAnd &amp#27;[0m&amp#27;[32mthe getNextWork link href should be &amp#27;[0m&amp#27;[32m&amp#27;[1m"/assignments/next/"&amp#27;[0m                                                             &amp#27;[90m# stepdefinitions.Incident.the_getNextWork_link_href_should_be(java.lang.String)&amp#27;[0m
]]></system-out>
  </testcase>
</testsuite>